<?xml version="1.0" encoding="UTF-8"?>
<!-- Generated by org.testng.reporters.JUnitXMLReporter -->
<testsuite ignored="0" hostname="VuCongLong" failures="0" tests="5" name="Test Before Test" time="57.006" errors="0" timestamp="2023-11-01T11:37:06 ICT">
  <testcase classname="com.qa.selection04.testBeforeandAfter$testFormSanity" name="test1" time="0.026"/>
  <testcase classname="com.qa.selection04.testBeforeandAfter$testFormSanity" name="test2" time="0.004"/>
  <testcase classname="com.qa.selection04.testBeforeandAfter$testFormSanity" name="test3" time="0.004"/>
  <testcase classname="com.qa.selection03.anton" name="test_form_hardsanity" time="6.467"/>
  <testcase classname="com.qa.selection03.anton" name="test_form_softsanity" time="25.865"/>
</testsuite> <!-- Test Before Test -->
