<?xml version="1.0" encoding="UTF-8"?>
<testng-results ignored="0" total="2" passed="2" failed="0" skipped="0">
  <reporter-output>
  </reporter-output>
  <suite started-at="2023-11-07T12:02:33 ICT" name="Default suite" finished-at="2023-11-07T12:04:05 ICT" duration-ms="91666">
    <groups>
    </groups>
    <test started-at="2023-11-07T12:02:33 ICT" name="Default test" finished-at="2023-11-07T12:04:05 ICT" duration-ms="91666">
      <class name="com.qa.selection03.anton">
        <test-method is-config="true" signature="setup()[pri:0, instance:com.qa.selection03.anton@5c6648b0]" started-at="2023-11-07T12:02:33 ICT" name="setup" finished-at="2023-11-07T12:03:25 ICT" duration-ms="51408" status="PASS">
          <reporter-output>
          </reporter-output>
        </test-method> <!-- setup -->
        <test-method signature="test_form_hardsanity()[pri:0, instance:com.qa.selection03.anton@5c6648b0]" started-at="2023-11-07T12:03:25 ICT" name="test_form_hardsanity" finished-at="2023-11-07T12:03:34 ICT" duration-ms="8900" status="PASS">
          <reporter-output>
          </reporter-output>
        </test-method> <!-- test_form_hardsanity -->
        <test-method is-config="true" signature="teardow()[pri:0, instance:com.qa.selection03.anton@5c6648b0]" started-at="2023-11-07T12:03:34 ICT" name="teardow" finished-at="2023-11-07T12:03:41 ICT" duration-ms="7663" status="PASS">
          <reporter-output>
          </reporter-output>
        </test-method> <!-- teardow -->
        <test-method is-config="true" signature="setup()[pri:0, instance:com.qa.selection03.anton@5c6648b0]" started-at="2023-11-07T12:03:41 ICT" name="setup" finished-at="2023-11-07T12:03:46 ICT" duration-ms="4749" status="PASS">
          <reporter-output>
          </reporter-output>
        </test-method> <!-- setup -->
        <test-method signature="test_form_softsanity()[pri:0, instance:com.qa.selection03.anton@5c6648b0]" started-at="2023-11-07T12:03:46 ICT" name="test_form_softsanity" finished-at="2023-11-07T12:04:03 ICT" duration-ms="16856" status="PASS">
          <reporter-output>
          </reporter-output>
        </test-method> <!-- test_form_softsanity -->
        <test-method is-config="true" signature="teardow()[pri:0, instance:com.qa.selection03.anton@5c6648b0]" started-at="2023-11-07T12:04:03 ICT" name="teardow" finished-at="2023-11-07T12:04:05 ICT" duration-ms="2005" status="PASS">
          <reporter-output>
          </reporter-output>
        </test-method> <!-- teardow -->
      </class> <!-- com.qa.selection03.anton -->
    </test> <!-- Default test -->
  </suite> <!-- Default suite -->
</testng-results>
